TN:
SF:/home/labber/lighthouse/Scheduler/src/components/Application.js
FN:16,Application
FN:27,(anonymous_1)
FNF:2
FNH:2
FNDA:12,Application
FNDA:16,(anonymous_1)
DA:22,12
DA:24,12
DA:26,12
DA:28,16
DA:41,12
LF:5
LH:5
BRF:0
BRH:0
end_of_record
TN:
SF:/home/labber/lighthouse/Scheduler/src/components/Button.js
FN:7,Button
FNF:1
FNH:1
FNDA:41,Button
DA:8,41
DA:13,41
LF:2
LH:2
BRF:0
BRH:0
end_of_record
TN:
SF:/home/labber/lighthouse/Scheduler/src/components/DayList.js
FN:5,DayList
FN:6,(anonymous_1)
FNF:2
FNH:2
FNDA:12,DayList
FNDA:16,(anonymous_1)
DA:6,12
DA:7,16
DA:18,12
LF:3
LH:3
BRF:0
BRH:0
end_of_record
TN:
SF:/home/labber/lighthouse/Scheduler/src/components/DayListItem.js
FN:6,formatSpots
FN:13,DayListItem
FN:22,(anonymous_2)
FNF:3
FNH:3
FNDA:16,formatSpots
FNDA:16,DayListItem
FNDA:1,(anonymous_2)
DA:7,16
DA:8,15
DA:10,1
DA:14,16
DA:19,16
DA:22,1
LF:6
LH:6
BRDA:7,0,0,1
BRDA:7,0,1,15
BRDA:8,1,0,14
BRDA:8,1,1,1
BRF:4
BRH:4
end_of_record
TN:
SF:/home/labber/lighthouse/Scheduler/src/components/InterviewerList.js
FN:8,InterviewerList
FN:9,(anonymous_1)
FN:17,(anonymous_2)
FNF:3
FNH:3
FNDA:19,InterviewerList
FNDA:24,(anonymous_1)
FNDA:1,(anonymous_2)
DA:9,19
DA:10,24
DA:17,1
DA:22,19
DA:30,3
LF:5
LH:5
BRF:0
BRH:0
end_of_record
TN:
SF:/home/labber/lighthouse/Scheduler/src/components/InterviewerListItem.js
FN:6,InterviewerItem
FNF:1
FNH:1
FNDA:24,InterviewerItem
DA:7,24
DA:11,24
LF:2
LH:2
BRDA:18,0,0,24
BRDA:18,0,1,7
BRF:2
BRH:2
end_of_record
TN:
SF:/home/labber/lighthouse/Scheduler/src/components/Appointment/Confirm.js
FN:5,Confirm
FNF:1
FNH:1
FNDA:1,Confirm
DA:6,1
LF:1
LH:1
BRF:0
BRH:0
end_of_record
TN:
SF:/home/labber/lighthouse/Scheduler/src/components/Appointment/Empty.js
FN:3,Empty
FNF:1
FNH:1
FNDA:21,Empty
DA:4,21
LF:1
LH:1
BRF:0
BRH:0
end_of_record
TN:
SF:/home/labber/lighthouse/Scheduler/src/components/Appointment/Error.js
FN:3,Error
FNF:1
FNH:0
FNDA:0,Error
DA:4,0
LF:1
LH:0
BRF:0
BRH:0
end_of_record
TN:
SF:/home/labber/lighthouse/Scheduler/src/components/Appointment/Form.js
FN:6,Form
FN:11,reset
FN:17,cancel
FN:22,validate
FN:40,(anonymous_4)
FN:47,(anonymous_5)
FNF:6
FNH:5
FNDA:19,Form
FNDA:1,reset
FNDA:1,cancel
FNDA:7,validate
FNDA:0,(anonymous_4)
FNDA:4,(anonymous_5)
DA:7,19
DA:8,19
DA:9,19
DA:12,1
DA:13,1
DA:14,1
DA:18,1
DA:19,1
DA:23,7
DA:24,2
DA:25,2
DA:28,5
DA:29,2
DA:30,2
DA:33,3
DA:34,3
DA:37,19
DA:40,0
DA:48,4
LF:19
LH:18
BRDA:7,0,0,19
BRDA:7,0,1,10
BRDA:8,1,0,19
BRDA:8,1,1,13
BRDA:23,2,0,2
BRDA:23,2,1,5
BRDA:28,3,0,2
BRDA:28,3,1,3
BRF:8
BRH:8
end_of_record
TN:
SF:/home/labber/lighthouse/Scheduler/src/components/Appointment/Header.js
FN:3,Header
FNF:1
FNH:1
FNDA:38,Header
DA:4,38
LF:1
LH:1
BRF:0
BRH:0
end_of_record
TN:
SF:/home/labber/lighthouse/Scheduler/src/components/Appointment/Show.js
FN:3,Show
FNF:1
FNH:1
FNDA:8,Show
DA:4,8
LF:1
LH:1
BRDA:11,0,0,8
BRDA:11,0,1,8
BRF:2
BRH:2
end_of_record
TN:
SF:/home/labber/lighthouse/Scheduler/src/components/Appointment/Status.js
FN:3,Status
FNF:1
FNH:1
FNDA:6,Status
DA:4,6
LF:1
LH:1
BRF:0
BRH:0
end_of_record
TN:
SF:/home/labber/lighthouse/Scheduler/src/components/Appointment/index.js
FN:15,Appointment
FN:30,save
FN:40,(anonymous_2)
FN:41,(anonymous_3)
FN:44,destroy
FN:48,(anonymous_5)
FN:49,(anonymous_6)
FN:56,(anonymous_7)
FN:61,(anonymous_8)
FN:62,(anonymous_9)
FNF:10
FNH:8
FNDA:38,Appointment
FNDA:2,save
FNDA:2,(anonymous_2)
FNDA:0,(anonymous_3)
FNDA:1,destroy
FNDA:1,(anonymous_5)
FNDA:0,(anonymous_6)
FNDA:1,(anonymous_7)
FNDA:1,(anonymous_8)
FNDA:1,(anonymous_9)
DA:16,38
DA:17,38
DA:18,38
DA:19,38
DA:20,38
DA:21,38
DA:22,38
DA:23,38
DA:24,38
DA:26,38
DA:31,2
DA:36,2
DA:38,2
DA:40,2
DA:41,0
DA:45,1
DA:46,1
DA:48,1
DA:49,0
DA:52,38
DA:56,1
DA:61,1
DA:62,1
LF:23
LH:21
BRDA:27,0,0,14
BRDA:27,0,1,24
BRDA:55,1,0,38
BRDA:55,1,1,21
BRDA:57,2,0,38
BRDA:57,2,1,8
BRDA:65,3,0,38
BRDA:65,3,1,1
BRDA:67,4,0,38
BRDA:67,4,1,1
BRDA:76,5,0,38
BRDA:76,5,1,4
BRDA:77,6,0,38
BRDA:77,6,1,2
BRDA:78,7,0,38
BRDA:78,7,1,1
BRDA:85,8,0,38
BRDA:85,8,1,0
BRDA:88,9,0,38
BRDA:88,9,1,0
BRF:20
BRH:18
end_of_record
TN:
SF:/home/labber/lighthouse/Scheduler/src/helpers/selectors.js
FN:1,getAppointmentsForDay
FN:2,(anonymous_1)
FN:6,(anonymous_2)
FN:9,getInterviewersForDay
FN:10,(anonymous_4)
FN:14,(anonymous_5)
FN:17,getInterview
FNF:7
FNH:7
FNDA:17,getAppointmentsForDay
FNDA:15,(anonymous_1)
FNDA:24,(anonymous_2)
FNDA:17,getInterviewersForDay
FNDA:15,(anonymous_4)
FNDA:22,(anonymous_5)
FNDA:18,getInterview
DA:2,17
DA:4,17
DA:6,24
DA:10,17
DA:12,17
DA:14,22
DA:18,18
LF:7
LH:7
BRDA:4,0,0,6
BRDA:4,0,1,11
BRDA:4,1,0,17
BRDA:4,1,1,12
BRDA:12,2,0,6
BRDA:12,2,1,11
BRDA:12,3,0,17
BRDA:12,3,1,12
BRDA:19,4,0,18
BRDA:19,4,1,9
BRF:10
BRH:10
end_of_record
TN:
SF:/home/labber/lighthouse/Scheduler/src/hooks/useApplicationData.js
FN:13,useApplicationData
FN:21,(anonymous_1)
FN:23,(anonymous_2)
FN:29,(anonymous_3)
FN:41,bookInterview
FN:42,(anonymous_5)
FN:51,cancelInterview
FN:52,(anonymous_7)
FNF:8
FNH:8
FNDA:12,useApplicationData
FNDA:1,(anonymous_1)
FNDA:4,(anonymous_2)
FNDA:4,(anonymous_3)
FNDA:2,bookInterview
FNDA:2,(anonymous_5)
FNDA:1,cancelInterview
FNDA:1,(anonymous_7)
DA:14,12
DA:21,12
DA:23,12
DA:24,4
DA:30,4
DA:39,12
DA:42,2
DA:43,2
DA:52,1
DA:53,1
DA:61,12
LF:11
LH:11
BRF:0
BRH:0
end_of_record
TN:
SF:/home/labber/lighthouse/Scheduler/src/hooks/useRealtimeUpdate.js
FN:4,useRealtimeUpdate
FN:5,(anonymous_1)
FN:8,(anonymous_2)
FN:16,(anonymous_3)
FNF:4
FNH:3
FNDA:12,useRealtimeUpdate
FNDA:4,(anonymous_1)
FNDA:0,(anonymous_2)
FNDA:4,(anonymous_3)
DA:5,12
DA:6,4
DA:8,4
DA:9,0
DA:11,0
DA:12,0
DA:16,4
DA:17,4
LF:8
LH:5
BRDA:11,0,0,0
BRDA:11,0,1,0
BRDA:11,1,0,0
BRDA:11,1,1,0
BRF:4
BRH:0
end_of_record
TN:
SF:/home/labber/lighthouse/Scheduler/src/hooks/useVisualMode.js
FN:3,useVisualMode
FN:6,transition
FN:8,(anonymous_2)
FN:20,back
FN:22,(anonymous_4)
FNF:5
FNH:5
FNDA:51,useVisualMode
FNDA:14,transition
FNDA:14,(anonymous_2)
FNDA:4,back
FNDA:3,(anonymous_4)
DA:4,51
DA:8,14
DA:10,14
DA:11,2
DA:15,12
DA:21,4
DA:22,3
DA:26,51
LF:8
LH:8
BRDA:6,0,0,12
BRDA:10,1,0,2
BRDA:10,1,1,12
BRDA:21,2,0,3
BRDA:21,2,1,1
BRF:5
BRH:5
end_of_record
TN:
SF:/home/labber/lighthouse/Scheduler/src/reducers/application.js
FN:5,reducer
FN:27,(anonymous_1)
FN:30,(anonymous_2)
FN:34,(anonymous_3)
FNF:4
FNH:4
FNDA:9,reducer
FNDA:3,(anonymous_1)
FNDA:6,(anonymous_2)
FNDA:6,(anonymous_3)
DA:1,2
DA:2,2
DA:3,2
DA:6,9
DA:8,1
DA:10,4
DA:17,3
DA:22,3
DA:27,3
DA:28,3
DA:30,6
DA:34,3
DA:35,6
DA:43,3
DA:50,1
LF:15
LH:15
BRDA:6,0,0,1
BRDA:6,0,1,4
BRDA:6,0,2,3
BRDA:6,0,3,1
BRDA:19,1,0,3
BRDA:19,1,1,2
BRDA:30,2,0,3
BRDA:30,2,1,3
BRDA:35,3,0,3
BRDA:35,3,1,3
BRF:10
BRH:10
end_of_record
